<?xml version="1.0" encoding="UTF-8"?>
<testng-results skipped="0" failed="0" ignored="0" total="1" passed="1">
  <reporter-output>
  </reporter-output>
  <suite name="Suite" duration-ms="28980" started-at="2020-03-23T11:25:49 IST" finished-at="2020-03-23T11:26:18 IST">
    <groups>
    </groups>
    <test name="Test" duration-ms="28980" started-at="2020-03-23T11:25:49 IST" finished-at="2020-03-23T11:26:18 IST">
      <class name="com.inetBanking.testCases.TC003_AddCustomer">
        <test-method status="PASS" signature="setup(java.lang.String)[pri:0, instance:com.inetBanking.testCases.TC003_AddCustomer@1f57539]" name="setup" is-config="true" duration-ms="10645" started-at="2020-03-23T11:25:49 IST" finished-at="2020-03-23T11:26:00 IST">
          <params>
            <param index="0">
              <value>
                <![CDATA[chrome]]>
              </value>
            </param>
          </params>
          <reporter-output>
          </reporter-output>
        </test-method> <!-- setup -->
        <test-method status="PASS" signature="addNewCustomer()[pri:0, instance:com.inetBanking.testCases.TC003_AddCustomer@1f57539]" name="addNewCustomer" duration-ms="17038" started-at="2020-03-23T11:26:00 IST" finished-at="2020-03-23T11:26:17 IST">
          <reporter-output>
          </reporter-output>
        </test-method> <!-- addNewCustomer -->
        <test-method status="PASS" signature="teardown()[pri:0, instance:com.inetBanking.testCases.TC003_AddCustomer@1f57539]" name="teardown" is-config="true" duration-ms="845" started-at="2020-03-23T11:26:17 IST" finished-at="2020-03-23T11:26:18 IST">
          <reporter-output>
          </reporter-output>
        </test-method> <!-- teardown -->
      </class> <!-- com.inetBanking.testCases.TC003_AddCustomer -->
    </test> <!-- Test -->
  </suite> <!-- Suite -->
</testng-results>
